This file contains any messages produced by compilers while
running configure, to aid debugging if configure makes a mistake.

It was created by poker-eval configure 138.0, which was
generated by GNU Autoconf 2.69.  Invocation command line was

  $ ./configure --prefix=/Users/tarun/Desktop/android/iphone/Projects/poker-eval/bin/

## --------- ##
## Platform. ##
## --------- ##

hostname = Macbook.local
uname -m = x86_64
uname -r = 15.2.0
uname -s = Darwin
uname -v = Darwin Kernel Version 15.2.0: Fri Nov 13 19:56:56 PST 2015; root:xnu-3248.20.55~2/RELEASE_X86_64

/usr/bin/uname -p = i386
/bin/uname -X     = unknown

/bin/arch              = unknown
/usr/bin/arch -k       = unknown
/usr/convex/getsysinfo = unknown
/usr/bin/hostinfo      = Mach kernel version:
	 Darwin Kernel Version 15.2.0: Fri Nov 13 19:56:56 PST 2015; root:xnu-3248.20.55~2/RELEASE_X86_64
Kernel configured for up to 8 processors.
4 processors are physically available.
8 processors are logically available.
Processor type: i486 (Intel 80486)
Processors active: 0 1 2 3 4 5 6 7
Primary memory available: 8.00 gigabytes
Default processor set: 261 tasks, 1483 threads, 8 processors
Load average: 1.83, Mach factor: 6.16
/bin/machine           = unknown
/usr/bin/oslevel       = unknown
/bin/universe          = unknown

PATH: /Users/tarun/Desktop/android/iphone/Projects/poker-eval/bin/lib/
PATH: /Volumes/My Passport Mac/Android/ndk/cocos2d-x-3.8.1/templates
PATH: /Users/tarun/softwares/android-ndk-r10c
PATH: /usr/local/ant/bin
PATH: /Users/tarun/Desktop/android/android-sdk-mac_86/tools
PATH: /Users/tarun/Desktop/android/android-sdk-mac_86/platform-tools
PATH: /Users/tarun/Desktop/android/android-sdk-mac_86
PATH: /Volumes/My Passport Mac/Android/ndk/cocos2d-x-3.8.1/tools/cocos2d-console/bin
PATH: /Users/tarun/.rvm/gems/ruby-2.1.2/bin
PATH: /Users/tarun/.rvm/gems/ruby-2.1.2@global/bin
PATH: /Users/tarun/.rvm/rubies/ruby-2.1.2/bin
PATH: /usr/local/bin
PATH: /opt/gradle-1.11/bin
PATH: /usr/local/apache-maven/bin
PATH: /Users/tarun/.apportable/SDK/bin
PATH: /usr/local/sbin
PATH: /Users/tarun/bin/Sencha/Cmd/3.1.2.342
PATH: /opt/local/bin
PATH: /opt/local/sbin
PATH: /Users/tarun/gsutil
PATH: /usr/bin
PATH: /bin
PATH: /usr/sbin
PATH: /sbin
PATH: /usr/local/bin
PATH: /opt/X11/bin
PATH: /usr/local/ant/bin
PATH: /Users/tarun/Desktop/android/android-sdk-mac_86/platform-tools
PATH: /Users/tarun/Desktop/android/android-sdk-mac_86/tools/
PATH: /Users/tarun/softwares/apache-ant-1.8.4/bin
PATH: /usr/local/git/bin/
PATH: /Users/tarun/bin
PATH: /Users/tarun/softwares/rar/
PATH: /Applications/
PATH: /usr/local/zend/
PATH: /Users/tarun/softwares/apache-ant-1.8.4/bin
PATH: /opt/apache-maven-3.0.5/bin
PATH: /Users/tarun/.rvm/bin
PATH: /tools
PATH: /platform-tools
PATH: /Library/Java/JavaVirtualMachines/jdk1.7.0_75.jdk/Contents/Home
PATH: /Users/tarun/.manymo/bin


## ----------- ##
## Core tests. ##
## ----------- ##

configure:2484: checking build system type
configure:2498: result: x86_64-apple-darwin15.2.0
configure:2518: checking host system type
configure:2531: result: x86_64-apple-darwin15.2.0
configure:2551: checking target system type
configure:2564: result: x86_64-apple-darwin15.2.0
configure:2607: checking for a BSD-compatible install
configure:2675: result: /usr/bin/install -c
configure:2686: checking whether build environment is sane
configure:2741: result: yes
configure:2779: WARNING: 'missing' script is too old or missing
configure:2892: checking for a thread-safe mkdir -p
configure:2931: result: config/install-sh -c -d
configure:2938: checking for gawk
configure:2968: result: no
configure:2938: checking for mawk
configure:2968: result: no
configure:2938: checking for nawk
configure:2968: result: no
configure:2938: checking for awk
configure:2954: found /usr/bin/awk
configure:2965: result: awk
configure:2976: checking whether make sets $(MAKE)
configure:2998: result: yes
configure:3027: checking whether make supports nested variables
configure:3044: result: yes
configure:3174: checking whether make sets $(MAKE)
configure:3196: result: yes
configure:3217: checking for style of include used by make
configure:3245: result: GNU
configure:3316: checking for gcc
configure:3332: found /usr/bin/gcc
configure:3343: result: gcc
configure:3572: checking for C compiler version
configure:3581: gcc --version >&5
Apple LLVM version 7.0.2 (clang-700.1.81)
Target: x86_64-apple-darwin15.2.0
Thread model: posix
Configured with: --prefix=/Applications/Xcode.app/Contents/Developer//usr --with-gxx-include-dir=/Applications/Xcode.app/Contents/Developer/Platforms/MacOSX.platform/Developer/SDKs/MacOSX10.11.sdk/usr/include/c++/4.2.1
configure:3592: $? = 0
configure:3581: gcc -v >&5
Configured with: --prefix=/Applications/Xcode.app/Contents/Developer//usr --with-gxx-include-dir=/Applications/Xcode.app/Contents/Developer/Platforms/MacOSX.platform/Developer/SDKs/MacOSX10.11.sdk/usr/include/c++/4.2.1
Apple LLVM version 7.0.2 (clang-700.1.81)
Target: x86_64-apple-darwin15.2.0
Thread model: posix
configure:3592: $? = 0
configure:3581: gcc -V >&5
clang: error: argument to '-V' is missing (expected 1 value)
clang: error: no input files
configure:3592: $? = 1
configure:3581: gcc -qversion >&5
clang: error: unknown argument: '-qversion'
clang: error: no input files
configure:3592: $? = 1
configure:3612: checking whether the C compiler works
configure:3634: gcc    conftest.c  >&5
configure:3638: $? = 0
configure:3686: result: yes
configure:3689: checking for C compiler default output file name
configure:3691: result: a.out
configure:3697: checking for suffix of executables
configure:3704: gcc -o conftest    conftest.c  >&5
configure:3708: $? = 0
configure:3730: result: 
configure:3752: checking whether we are cross compiling
configure:3760: gcc -o conftest    conftest.c  >&5
configure:3764: $? = 0
configure:3771: ./conftest
configure:3775: $? = 0
configure:3790: result: no
configure:3795: checking for suffix of object files
configure:3817: gcc -c   conftest.c >&5
configure:3821: $? = 0
configure:3842: result: o
configure:3846: checking whether we are using the GNU C compiler
configure:3865: gcc -c   conftest.c >&5
configure:3865: $? = 0
configure:3874: result: yes
configure:3883: checking whether gcc accepts -g
configure:3903: gcc -c -g  conftest.c >&5
configure:3903: $? = 0
configure:3944: result: yes
configure:3961: checking for gcc option to accept ISO C89
configure:4024: gcc  -c -g -O2  conftest.c >&5
configure:4024: $? = 0
configure:4037: result: none needed
configure:4062: checking whether gcc understands -c and -o together
configure:4084: gcc -c conftest.c -o conftest2.o
configure:4087: $? = 0
configure:4084: gcc -c conftest.c -o conftest2.o
configure:4087: $? = 0
configure:4099: result: yes
configure:4118: checking dependency style of gcc
configure:4229: result: gcc3
configure:4250: checking how to run the C preprocessor
configure:4281: gcc -E  conftest.c
configure:4281: $? = 0
configure:4295: gcc -E  conftest.c
conftest.c:11:10: fatal error: 'ac_nonexistent.h' file not found
#include <ac_nonexistent.h>
         ^
1 error generated.
configure:4295: $? = 1
configure: failed program was:
| /* confdefs.h */
| #define PACKAGE_NAME "poker-eval"
| #define PACKAGE_TARNAME "poker-eval"
| #define PACKAGE_VERSION "138.0"
| #define PACKAGE_STRING "poker-eval 138.0"
| #define PACKAGE_BUGREPORT ""
| #define PACKAGE_URL ""
| #define PACKAGE "poker-eval"
| #define VERSION "138.0"
| /* end confdefs.h.  */
| #include <ac_nonexistent.h>
configure:4320: result: gcc -E
configure:4340: gcc -E  conftest.c
configure:4340: $? = 0
configure:4354: gcc -E  conftest.c
conftest.c:11:10: fatal error: 'ac_nonexistent.h' file not found
#include <ac_nonexistent.h>
         ^
1 error generated.
configure:4354: $? = 1
configure: failed program was:
| /* confdefs.h */
| #define PACKAGE_NAME "poker-eval"
| #define PACKAGE_TARNAME "poker-eval"
| #define PACKAGE_VERSION "138.0"
| #define PACKAGE_STRING "poker-eval 138.0"
| #define PACKAGE_BUGREPORT ""
| #define PACKAGE_URL ""
| #define PACKAGE "poker-eval"
| #define VERSION "138.0"
| /* end confdefs.h.  */
| #include <ac_nonexistent.h>
configure:4383: checking for grep that handles long lines and -e
configure:4441: result: /usr/bin/grep
configure:4446: checking for egrep
configure:4508: result: /usr/bin/grep -E
configure:4513: checking for ANSI C header files
configure:4533: gcc -c -g -O2  conftest.c >&5
configure:4533: $? = 0
configure:4606: gcc -o conftest -g -O2   conftest.c  >&5
configure:4606: $? = 0
configure:4606: ./conftest
configure:4606: $? = 0
configure:4617: result: yes
configure:4630: checking for sys/types.h
configure:4630: gcc -c -g -O2  conftest.c >&5
configure:4630: $? = 0
configure:4630: result: yes
configure:4630: checking for sys/stat.h
configure:4630: gcc -c -g -O2  conftest.c >&5
configure:4630: $? = 0
configure:4630: result: yes
configure:4630: checking for stdlib.h
configure:4630: gcc -c -g -O2  conftest.c >&5
configure:4630: $? = 0
configure:4630: result: yes
configure:4630: checking for string.h
configure:4630: gcc -c -g -O2  conftest.c >&5
configure:4630: $? = 0
configure:4630: result: yes
configure:4630: checking for memory.h
configure:4630: gcc -c -g -O2  conftest.c >&5
configure:4630: $? = 0
configure:4630: result: yes
configure:4630: checking for strings.h
configure:4630: gcc -c -g -O2  conftest.c >&5
configure:4630: $? = 0
configure:4630: result: yes
configure:4630: checking for inttypes.h
configure:4630: gcc -c -g -O2  conftest.c >&5
configure:4630: $? = 0
configure:4630: result: yes
configure:4630: checking for stdint.h
configure:4630: gcc -c -g -O2  conftest.c >&5
configure:4630: $? = 0
configure:4630: result: yes
configure:4630: checking for unistd.h
configure:4630: gcc -c -g -O2  conftest.c >&5
configure:4630: $? = 0
configure:4630: result: yes
configure:4643: checking minix/config.h usability
configure:4643: gcc -c -g -O2  conftest.c >&5
conftest.c:54:10: fatal error: 'minix/config.h' file not found
#include <minix/config.h>
         ^
1 error generated.
configure:4643: $? = 1
configure: failed program was:
| /* confdefs.h */
| #define PACKAGE_NAME "poker-eval"
| #define PACKAGE_TARNAME "poker-eval"
| #define PACKAGE_VERSION "138.0"
| #define PACKAGE_STRING "poker-eval 138.0"
| #define PACKAGE_BUGREPORT ""
| #define PACKAGE_URL ""
| #define PACKAGE "poker-eval"
| #define VERSION "138.0"
| #define STDC_HEADERS 1
| #define HAVE_SYS_TYPES_H 1
| #define HAVE_SYS_STAT_H 1
| #define HAVE_STDLIB_H 1
| #define HAVE_STRING_H 1
| #define HAVE_MEMORY_H 1
| #define HAVE_STRINGS_H 1
| #define HAVE_INTTYPES_H 1
| #define HAVE_STDINT_H 1
| #define HAVE_UNISTD_H 1
| /* end confdefs.h.  */
| #include <stdio.h>
| #ifdef HAVE_SYS_TYPES_H
| # include <sys/types.h>
| #endif
| #ifdef HAVE_SYS_STAT_H
| # include <sys/stat.h>
| #endif
| #ifdef STDC_HEADERS
| # include <stdlib.h>
| # include <stddef.h>
| #else
| # ifdef HAVE_STDLIB_H
| #  include <stdlib.h>
| # endif
| #endif
| #ifdef HAVE_STRING_H
| # if !defined STDC_HEADERS && defined HAVE_MEMORY_H
| #  include <memory.h>
| # endif
| # include <string.h>
| #endif
| #ifdef HAVE_STRINGS_H
| # include <strings.h>
| #endif
| #ifdef HAVE_INTTYPES_H
| # include <inttypes.h>
| #endif
| #ifdef HAVE_STDINT_H
| # include <stdint.h>
| #endif
| #ifdef HAVE_UNISTD_H
| # include <unistd.h>
| #endif
| #include <minix/config.h>
configure:4643: result: no
configure:4643: checking minix/config.h presence
configure:4643: gcc -E  conftest.c
conftest.c:21:10: fatal error: 'minix/config.h' file not found
#include <minix/config.h>
         ^
1 error generated.
configure:4643: $? = 1
configure: failed program was:
| /* confdefs.h */
| #define PACKAGE_NAME "poker-eval"
| #define PACKAGE_TARNAME "poker-eval"
| #define PACKAGE_VERSION "138.0"
| #define PACKAGE_STRING "poker-eval 138.0"
| #define PACKAGE_BUGREPORT ""
| #define PACKAGE_URL ""
| #define PACKAGE "poker-eval"
| #define VERSION "138.0"
| #define STDC_HEADERS 1
| #define HAVE_SYS_TYPES_H 1
| #define HAVE_SYS_STAT_H 1
| #define HAVE_STDLIB_H 1
| #define HAVE_STRING_H 1
| #define HAVE_MEMORY_H 1
| #define HAVE_STRINGS_H 1
| #define HAVE_INTTYPES_H 1
| #define HAVE_STDINT_H 1
| #define HAVE_UNISTD_H 1
| /* end confdefs.h.  */
| #include <minix/config.h>
configure:4643: result: no
configure:4643: checking for minix/config.h
configure:4643: result: no
configure:4664: checking whether it is safe to define __EXTENSIONS__
configure:4682: gcc -c -g -O2  conftest.c >&5
configure:4682: $? = 0
configure:4689: result: yes
configure:4752: checking for gcc
configure:4779: result: gcc
configure:5008: checking for C compiler version
configure:5017: gcc --version >&5
Apple LLVM version 7.0.2 (clang-700.1.81)
Target: x86_64-apple-darwin15.2.0
Thread model: posix
Configured with: --prefix=/Applications/Xcode.app/Contents/Developer//usr --with-gxx-include-dir=/Applications/Xcode.app/Contents/Developer/Platforms/MacOSX.platform/Developer/SDKs/MacOSX10.11.sdk/usr/include/c++/4.2.1
configure:5028: $? = 0
configure:5017: gcc -v >&5
Configured with: --prefix=/Applications/Xcode.app/Contents/Developer//usr --with-gxx-include-dir=/Applications/Xcode.app/Contents/Developer/Platforms/MacOSX.platform/Developer/SDKs/MacOSX10.11.sdk/usr/include/c++/4.2.1
Apple LLVM version 7.0.2 (clang-700.1.81)
Target: x86_64-apple-darwin15.2.0
Thread model: posix
configure:5028: $? = 0
configure:5017: gcc -V >&5
clang: error: argument to '-V' is missing (expected 1 value)
clang: error: no input files
configure:5028: $? = 1
configure:5017: gcc -qversion >&5
clang: error: unknown argument: '-qversion'
clang: error: no input files
configure:5028: $? = 1
configure:5032: checking whether we are using the GNU C compiler
configure:5060: result: yes
configure:5069: checking whether gcc accepts -g
configure:5130: result: yes
configure:5147: checking for gcc option to accept ISO C89
configure:5223: result: none needed
configure:5248: checking whether gcc understands -c and -o together
configure:5285: result: yes
configure:5304: checking dependency style of gcc
configure:5415: result: gcc3
configure:5476: checking how to print strings
configure:5503: result: printf
configure:5524: checking for a sed that does not truncate output
configure:5588: result: /usr/bin/sed
configure:5606: checking for fgrep
configure:5668: result: /usr/bin/grep -F
configure:5703: checking for ld used by gcc
configure:5770: result: /Applications/Xcode.app/Contents/Developer/Toolchains/XcodeDefault.xctoolchain/usr/bin/ld
configure:5777: checking if the linker (/Applications/Xcode.app/Contents/Developer/Toolchains/XcodeDefault.xctoolchain/usr/bin/ld) is GNU ld
configure:5792: result: no
configure:5804: checking for BSD- or MS-compatible name lister (nm)
configure:5853: result: /usr/bin/nm
configure:5983: checking the name lister (/usr/bin/nm) interface
configure:5990: gcc -c -g -O2  conftest.c >&5
configure:5993: /usr/bin/nm "conftest.o"
configure:5996: output
0000000000000208 S _some_variable
configure:6003: result: BSD nm
configure:6006: checking whether ln -s works
configure:6010: result: yes
configure:6018: checking the maximum length of command line arguments
configure:6148: result: 196608
configure:6165: checking whether the shell understands some XSI constructs
configure:6175: result: yes
configure:6179: checking whether the shell understands "+="
configure:6185: result: yes
configure:6220: checking how to convert x86_64-apple-darwin15.2.0 file names to x86_64-apple-darwin15.2.0 format
configure:6260: result: func_convert_file_noop
configure:6267: checking how to convert x86_64-apple-darwin15.2.0 file names to toolchain format
configure:6287: result: func_convert_file_noop
configure:6294: checking for /Applications/Xcode.app/Contents/Developer/Toolchains/XcodeDefault.xctoolchain/usr/bin/ld option to reload object files
configure:6301: result: -r
configure:6375: checking for objdump
configure:6405: result: no
configure:6434: checking how to recognize dependent libraries
configure:6636: result: pass_all
configure:6721: checking for dlltool
configure:6751: result: no
configure:6781: checking how to associate runtime and link libraries
configure:6808: result: printf %s\n
configure:6868: checking for ar
configure:6884: found /usr/bin/ar
configure:6895: result: ar
configure:6932: checking for archiver @FILE support
configure:6949: gcc -c -g -O2  conftest.c >&5
configure:6949: $? = 0
configure:6952: ar cru libconftest.a @conftest.lst >&5
ar: @conftest.lst: No such file or directory
configure:6955: $? = 1
configure:6975: result: no
configure:7033: checking for strip
configure:7049: found /usr/bin/strip
configure:7060: result: strip
configure:7132: checking for ranlib
configure:7148: found /usr/bin/ranlib
configure:7159: result: ranlib
configure:7261: checking command to parse /usr/bin/nm output from gcc object
configure:7381: gcc -c -g -O2  conftest.c >&5
configure:7384: $? = 0
configure:7388: /usr/bin/nm conftest.o \| sed -n -e 's/^.*[ ]\([BCDEGRST][BCDEGRST]*\)[ ][ ]*\([_A-Za-z][_A-Za-z0-9]*\)$/\1 \2 \2/p' | sed '/ __gnu_lto/d' \> conftest.nm
configure:7391: $? = 0
cannot find nm_test_var in conftest.nm
configure:7381: gcc -c -g -O2  conftest.c >&5
configure:7384: $? = 0
configure:7388: /usr/bin/nm conftest.o \| sed -n -e 's/^.*[ ]\([BCDEGRST][BCDEGRST]*\)[ ][ ]*_\([_A-Za-z][_A-Za-z0-9]*\)$/\1 _\2 \2/p' | sed '/ __gnu_lto/d' \> conftest.nm
configure:7391: $? = 0
configure:7457: gcc -o conftest -g -O2   conftest.c conftstm.o >&5
warning: (x86_64)  could not find object file symbol for symbol _main
configure:7460: $? = 0
configure:7498: result: ok
configure:7535: checking for sysroot
configure:7565: result: no
configure:7821: checking for mt
configure:7851: result: no
configure:7871: checking if : is a manifest tool
configure:7877: : '-?'
configure:7885: result: no
configure:7941: checking for dsymutil
configure:7957: found /usr/bin/dsymutil
configure:7968: result: dsymutil
configure:8033: checking for nmedit
configure:8049: found /usr/bin/nmedit
configure:8060: result: nmedit
configure:8125: checking for lipo
configure:8141: found /usr/bin/lipo
configure:8152: result: lipo
configure:8217: checking for otool
configure:8233: found /usr/bin/otool
configure:8244: result: otool
configure:8309: checking for otool64
configure:8339: result: no
configure:8384: checking for -single_module linker flag
gcc -g -O2  -o libconftest.dylib -dynamiclib -Wl,-single_module conftest.c
configure:8417: result: yes
configure:8420: checking for -exported_symbols_list linker flag
configure:8440: gcc -o conftest -g -O2   -Wl,-exported_symbols_list,conftest.sym conftest.c  >&5
configure:8440: $? = 0
configure:8450: result: yes
configure:8453: checking for -force_load linker flag
gcc -g -O2 -c -o conftest.o conftest.c
ar cru libconftest.a conftest.o
ranlib libconftest.a
gcc -g -O2  -o conftest conftest.c -Wl,-force_load,./libconftest.a
configure:8485: result: yes
configure:8524: checking for dlfcn.h
configure:8524: gcc -c -g -O2  conftest.c >&5
configure:8524: $? = 0
configure:8524: result: yes
configure:8730: checking for objdir
configure:8745: result: .libs
configure:9016: checking if gcc supports -fno-rtti -fno-exceptions
configure:9034: gcc -c -g -O2  -fno-rtti -fno-exceptions conftest.c >&5
configure:9038: $? = 0
configure:9051: result: yes
configure:9378: checking for gcc option to produce PIC
configure:9385: result: -fno-common -DPIC
configure:9393: checking if gcc PIC flag -fno-common -DPIC works
configure:9411: gcc -c -g -O2  -fno-common -DPIC -DPIC conftest.c >&5
configure:9415: $? = 0
configure:9428: result: yes
configure:9457: checking if gcc static flag -static works
configure:9485: result: no
configure:9500: checking if gcc supports -c -o file.o
configure:9521: gcc -c -g -O2  -o out/conftest2.o conftest.c >&5
configure:9525: $? = 0
configure:9547: result: yes
configure:9555: checking if gcc supports -c -o file.o
configure:9602: result: yes
configure:9635: checking whether the gcc linker (/Applications/Xcode.app/Contents/Developer/Toolchains/XcodeDefault.xctoolchain/usr/bin/ld) supports shared libraries
configure:10788: result: yes
configure:11028: checking dynamic linker characteristics
configure:11761: result: darwin15.2.0 dyld
configure:11868: checking how to hardcode library paths into programs
configure:11893: result: immediate
configure:12433: checking whether stripping libraries is possible
configure:12447: result: yes
configure:12473: checking if libtool supports shared libraries
configure:12475: result: yes
configure:12478: checking whether to build shared libraries
configure:12499: result: yes
configure:12502: checking whether to build static libraries
configure:12506: result: yes
configure:12545: checking for awk
configure:12563: found /usr/bin/awk
configure:12575: result: /usr/bin/awk
configure:12587: checking for md5sum
configure:12620: result: no
configure:12628: checking for md5
configure:12646: found /sbin/md5
configure:12658: result: /sbin/md5
configure:12670: checking for valgrind
configure:12703: result: no
configure:12715: checking for library containing strerror
configure:12746: gcc -o conftest -g -O2  -Wall -Wpointer-arith -Wstrict-prototypes  conftest.c  >&5
conftest.c:35:6: warning: incompatible redeclaration of library function 'strerror' [-Wincompatible-library-redeclaration]
char strerror ();
     ^
conftest.c:35:6: note: 'strerror' is a builtin with type 'char *(int)'
1 warning generated.
configure:12746: $? = 0
configure:12763: result: none required
configure:12771: checking for ANSI C header files
configure:12875: result: yes
configure:12883: checking for inline
configure:12899: gcc -c -g -O2  -Wall -Wpointer-arith -Wstrict-prototypes conftest.c >&5
conftest.c:31:21: warning: unused function 'static_foo' [-Wunused-function]
static inline foo_t static_foo () {return 0; }
                    ^
1 warning generated.
configure:12899: $? = 0
configure:12907: result: inline
configure:12926: checking for an ANSI C-conforming const
configure:12992: gcc -c -g -O2  -Wall -Wpointer-arith -Wstrict-prototypes conftest.c >&5
configure:12992: $? = 0
configure:12999: result: yes
configure:13007: checking for inline
configure:13031: result: inline
configure:13049: checking whether byte ordering is bigendian
configure:13064: gcc -c -g -O2  -Wall -Wpointer-arith -Wstrict-prototypes conftest.c >&5
configure:13064: $? = 0
configure:13109: gcc -c -g -O2  -Wall -Wpointer-arith -Wstrict-prototypes conftest.c >&5
configure:13109: $? = 0
configure:13127: gcc -c -g -O2  -Wall -Wpointer-arith -Wstrict-prototypes conftest.c >&5
conftest.c:36:4: error: use of undeclared identifier 'not'
                 not big endian
                 ^
1 error generated.
configure:13127: $? = 1
configure: failed program was:
| /* confdefs.h */
| #define PACKAGE_NAME "poker-eval"
| #define PACKAGE_TARNAME "poker-eval"
| #define PACKAGE_VERSION "138.0"
| #define PACKAGE_STRING "poker-eval 138.0"
| #define PACKAGE_BUGREPORT ""
| #define PACKAGE_URL ""
| #define PACKAGE "poker-eval"
| #define VERSION "138.0"
| #define STDC_HEADERS 1
| #define HAVE_SYS_TYPES_H 1
| #define HAVE_SYS_STAT_H 1
| #define HAVE_STDLIB_H 1
| #define HAVE_STRING_H 1
| #define HAVE_MEMORY_H 1
| #define HAVE_STRINGS_H 1
| #define HAVE_INTTYPES_H 1
| #define HAVE_STDINT_H 1
| #define HAVE_UNISTD_H 1
| #define __EXTENSIONS__ 1
| #define _ALL_SOURCE 1
| #define _GNU_SOURCE 1
| #define _POSIX_PTHREAD_SEMANTICS 1
| #define _TANDEM_SOURCE 1
| #define HAVE_DLFCN_H 1
| #define LT_OBJDIR ".libs/"
| #define STDC_HEADERS 1
| /* end confdefs.h.  */
| #include <sys/types.h>
| 		#include <sys/param.h>
| 
| int
| main ()
| {
| #if BYTE_ORDER != BIG_ENDIAN
| 		 not big endian
| 		#endif
| 
|   ;
|   return 0;
| }
configure:13255: result: no
configure:13278: checking size of long
configure:13283: gcc -o conftest -g -O2  -Wall -Wpointer-arith -Wstrict-prototypes  conftest.c  >&5
configure:13283: $? = 0
configure:13283: ./conftest
configure:13283: $? = 0
configure:13297: result: 8
configure:13309: checking for unistd.h
configure:13309: result: yes
configure:13321: checking for sys/stat.h
configure:13321: result: yes
configure:13331: checking for long long
configure:13331: gcc -c -g -O2  -Wall -Wpointer-arith -Wstrict-prototypes conftest.c >&5
configure:13331: $? = 0
configure:13331: gcc -c -g -O2  -Wall -Wpointer-arith -Wstrict-prototypes conftest.c >&5
conftest.c:68:24: error: expected expression
if (sizeof ((long long)))
                       ^
1 error generated.
configure:13331: $? = 1
configure: failed program was:
| /* confdefs.h */
| #define PACKAGE_NAME "poker-eval"
| #define PACKAGE_TARNAME "poker-eval"
| #define PACKAGE_VERSION "138.0"
| #define PACKAGE_STRING "poker-eval 138.0"
| #define PACKAGE_BUGREPORT ""
| #define PACKAGE_URL ""
| #define PACKAGE "poker-eval"
| #define VERSION "138.0"
| #define STDC_HEADERS 1
| #define HAVE_SYS_TYPES_H 1
| #define HAVE_SYS_STAT_H 1
| #define HAVE_STDLIB_H 1
| #define HAVE_STRING_H 1
| #define HAVE_MEMORY_H 1
| #define HAVE_STRINGS_H 1
| #define HAVE_INTTYPES_H 1
| #define HAVE_STDINT_H 1
| #define HAVE_UNISTD_H 1
| #define __EXTENSIONS__ 1
| #define _ALL_SOURCE 1
| #define _GNU_SOURCE 1
| #define _POSIX_PTHREAD_SEMANTICS 1
| #define _TANDEM_SOURCE 1
| #define HAVE_DLFCN_H 1
| #define LT_OBJDIR ".libs/"
| #define STDC_HEADERS 1
| #define SIZEOF_LONG 8
| #define HAVE_UNISTD_H 1
| #define HAVE_SYS_STAT_H 1
| /* end confdefs.h.  */
| #include <stdio.h>
| #ifdef HAVE_SYS_TYPES_H
| # include <sys/types.h>
| #endif
| #ifdef HAVE_SYS_STAT_H
| # include <sys/stat.h>
| #endif
| #ifdef STDC_HEADERS
| # include <stdlib.h>
| # include <stddef.h>
| #else
| # ifdef HAVE_STDLIB_H
| #  include <stdlib.h>
| # endif
| #endif
| #ifdef HAVE_STRING_H
| # if !defined STDC_HEADERS && defined HAVE_MEMORY_H
| #  include <memory.h>
| # endif
| # include <string.h>
| #endif
| #ifdef HAVE_STRINGS_H
| # include <strings.h>
| #endif
| #ifdef HAVE_INTTYPES_H
| # include <inttypes.h>
| #endif
| #ifdef HAVE_STDINT_H
| # include <stdint.h>
| #endif
| #ifdef HAVE_UNISTD_H
| # include <unistd.h>
| #endif
| int
| main ()
| {
| if (sizeof ((long long)))
| 	    return 0;
|   ;
|   return 0;
| }
configure:13331: result: yes
configure:13340: checking for uint64_t
configure:13340: gcc -c -g -O2  -Wall -Wpointer-arith -Wstrict-prototypes conftest.c >&5
configure:13340: $? = 0
configure:13340: gcc -c -g -O2  -Wall -Wpointer-arith -Wstrict-prototypes conftest.c >&5
conftest.c:69:23: error: expected expression
if (sizeof ((uint64_t)))
                      ^
1 error generated.
configure:13340: $? = 1
configure: failed program was:
| /* confdefs.h */
| #define PACKAGE_NAME "poker-eval"
| #define PACKAGE_TARNAME "poker-eval"
| #define PACKAGE_VERSION "138.0"
| #define PACKAGE_STRING "poker-eval 138.0"
| #define PACKAGE_BUGREPORT ""
| #define PACKAGE_URL ""
| #define PACKAGE "poker-eval"
| #define VERSION "138.0"
| #define STDC_HEADERS 1
| #define HAVE_SYS_TYPES_H 1
| #define HAVE_SYS_STAT_H 1
| #define HAVE_STDLIB_H 1
| #define HAVE_STRING_H 1
| #define HAVE_MEMORY_H 1
| #define HAVE_STRINGS_H 1
| #define HAVE_INTTYPES_H 1
| #define HAVE_STDINT_H 1
| #define HAVE_UNISTD_H 1
| #define __EXTENSIONS__ 1
| #define _ALL_SOURCE 1
| #define _GNU_SOURCE 1
| #define _POSIX_PTHREAD_SEMANTICS 1
| #define _TANDEM_SOURCE 1
| #define HAVE_DLFCN_H 1
| #define LT_OBJDIR ".libs/"
| #define STDC_HEADERS 1
| #define SIZEOF_LONG 8
| #define HAVE_UNISTD_H 1
| #define HAVE_SYS_STAT_H 1
| #define HAVE_LONG_LONG 1
| /* end confdefs.h.  */
| #include <stdio.h>
| #ifdef HAVE_SYS_TYPES_H
| # include <sys/types.h>
| #endif
| #ifdef HAVE_SYS_STAT_H
| # include <sys/stat.h>
| #endif
| #ifdef STDC_HEADERS
| # include <stdlib.h>
| # include <stddef.h>
| #else
| # ifdef HAVE_STDLIB_H
| #  include <stdlib.h>
| # endif
| #endif
| #ifdef HAVE_STRING_H
| # if !defined STDC_HEADERS && defined HAVE_MEMORY_H
| #  include <memory.h>
| # endif
| # include <string.h>
| #endif
| #ifdef HAVE_STRINGS_H
| # include <strings.h>
| #endif
| #ifdef HAVE_INTTYPES_H
| # include <inttypes.h>
| #endif
| #ifdef HAVE_STDINT_H
| # include <stdint.h>
| #endif
| #ifdef HAVE_UNISTD_H
| # include <unistd.h>
| #endif
| int
| main ()
| {
| if (sizeof ((uint64_t)))
| 	    return 0;
|   ;
|   return 0;
| }
configure:13340: result: yes
configure:13349: checking for int8
configure:13349: gcc -c -g -O2  -Wall -Wpointer-arith -Wstrict-prototypes conftest.c >&5
conftest.c:70:13: error: use of undeclared identifier 'int8'; did you mean 'int'?
if (sizeof (int8))
            ^~~~
            int
conftest.c:70:13: error: expected expression
2 errors generated.
configure:13349: $? = 1
configure: failed program was:
| /* confdefs.h */
| #define PACKAGE_NAME "poker-eval"
| #define PACKAGE_TARNAME "poker-eval"
| #define PACKAGE_VERSION "138.0"
| #define PACKAGE_STRING "poker-eval 138.0"
| #define PACKAGE_BUGREPORT ""
| #define PACKAGE_URL ""
| #define PACKAGE "poker-eval"
| #define VERSION "138.0"
| #define STDC_HEADERS 1
| #define HAVE_SYS_TYPES_H 1
| #define HAVE_SYS_STAT_H 1
| #define HAVE_STDLIB_H 1
| #define HAVE_STRING_H 1
| #define HAVE_MEMORY_H 1
| #define HAVE_STRINGS_H 1
| #define HAVE_INTTYPES_H 1
| #define HAVE_STDINT_H 1
| #define HAVE_UNISTD_H 1
| #define __EXTENSIONS__ 1
| #define _ALL_SOURCE 1
| #define _GNU_SOURCE 1
| #define _POSIX_PTHREAD_SEMANTICS 1
| #define _TANDEM_SOURCE 1
| #define HAVE_DLFCN_H 1
| #define LT_OBJDIR ".libs/"
| #define STDC_HEADERS 1
| #define SIZEOF_LONG 8
| #define HAVE_UNISTD_H 1
| #define HAVE_SYS_STAT_H 1
| #define HAVE_LONG_LONG 1
| #define HAVE_UINT64_T 1
| /* end confdefs.h.  */
| #include <stdio.h>
| #ifdef HAVE_SYS_TYPES_H
| # include <sys/types.h>
| #endif
| #ifdef HAVE_SYS_STAT_H
| # include <sys/stat.h>
| #endif
| #ifdef STDC_HEADERS
| # include <stdlib.h>
| # include <stddef.h>
| #else
| # ifdef HAVE_STDLIB_H
| #  include <stdlib.h>
| # endif
| #endif
| #ifdef HAVE_STRING_H
| # if !defined STDC_HEADERS && defined HAVE_MEMORY_H
| #  include <memory.h>
| # endif
| # include <string.h>
| #endif
| #ifdef HAVE_STRINGS_H
| # include <strings.h>
| #endif
| #ifdef HAVE_INTTYPES_H
| # include <inttypes.h>
| #endif
| #ifdef HAVE_STDINT_H
| # include <stdint.h>
| #endif
| #ifdef HAVE_UNISTD_H
| # include <unistd.h>
| #endif
| int
| main ()
| {
| if (sizeof (int8))
| 	 return 0;
|   ;
|   return 0;
| }
configure:13349: result: no
configure:13371: checking for ccache
configure:13404: result: no
configure:13431: checking for gcov
configure:13449: found /usr/bin/gcov
configure:13461: result: /usr/bin/gcov
configure:13593: checking that generated files are newer than configure
configure:13599: result: done
configure:13627: creating ./config.status

## ---------------------- ##
## Running config.status. ##
## ---------------------- ##

This file was extended by poker-eval config.status 138.0, which was
generated by GNU Autoconf 2.69.  Invocation command line was

  CONFIG_FILES    = 
  CONFIG_HEADERS  = 
  CONFIG_LINKS    = 
  CONFIG_COMMANDS = 
  $ ./config.status 

on Macbook.local

config.status:1107: creating tests/run
config.status:1107: creating Makefile
config.status:1107: creating poker-eval.pc
config.status:1107: creating poker-eval.spec
config.status:1107: creating lib/Makefile
config.status:1107: creating include/Makefile
config.status:1107: creating examples/Makefile
config.status:1107: creating tests/Makefile
config.status:1107: creating include/config.h
config.status:1288: include/config.h is unchanged
config.status:1107: creating include/poker_config.h
config.status:1288: include/poker_config.h is unchanged
config.status:1336: executing depfiles commands
config.status:1336: executing libtool commands

## ---------------- ##
## Cache variables. ##
## ---------------- ##

ac_cv_build=x86_64-apple-darwin15.2.0
ac_cv_c_bigendian=no
ac_cv_c_compiler_gnu=yes
ac_cv_c_const=yes
ac_cv_c_inline=inline
ac_cv_env_CC_set=
ac_cv_env_CC_value=
ac_cv_env_CFLAGS_set=
ac_cv_env_CFLAGS_value=
ac_cv_env_CPPFLAGS_set=
ac_cv_env_CPPFLAGS_value=
ac_cv_env_CPP_set=
ac_cv_env_CPP_value=
ac_cv_env_LDFLAGS_set=
ac_cv_env_LDFLAGS_value=
ac_cv_env_LIBS_set=
ac_cv_env_LIBS_value=
ac_cv_env_build_alias_set=
ac_cv_env_build_alias_value=
ac_cv_env_host_alias_set=
ac_cv_env_host_alias_value=
ac_cv_env_target_alias_set=
ac_cv_env_target_alias_value=
ac_cv_header_dlfcn_h=yes
ac_cv_header_inttypes_h=yes
ac_cv_header_memory_h=yes
ac_cv_header_minix_config_h=no
ac_cv_header_stdc=yes
ac_cv_header_stdint_h=yes
ac_cv_header_stdlib_h=yes
ac_cv_header_string_h=yes
ac_cv_header_strings_h=yes
ac_cv_header_sys_stat_h=yes
ac_cv_header_sys_types_h=yes
ac_cv_header_unistd_h=yes
ac_cv_host=x86_64-apple-darwin15.2.0
ac_cv_objext=o
ac_cv_path_AWK=/usr/bin/awk
ac_cv_path_EGREP='/usr/bin/grep -E'
ac_cv_path_FGREP='/usr/bin/grep -F'
ac_cv_path_GCOV=/usr/bin/gcov
ac_cv_path_GREP=/usr/bin/grep
ac_cv_path_MD5SUM=/sbin/md5
ac_cv_path_SED=/usr/bin/sed
ac_cv_path_install='/usr/bin/install -c'
ac_cv_prog_AWK=awk
ac_cv_prog_CPP='gcc -E'
ac_cv_prog_ac_ct_AR=ar
ac_cv_prog_ac_ct_CC=gcc
ac_cv_prog_ac_ct_DSYMUTIL=dsymutil
ac_cv_prog_ac_ct_LIPO=lipo
ac_cv_prog_ac_ct_NMEDIT=nmedit
ac_cv_prog_ac_ct_OTOOL=otool
ac_cv_prog_ac_ct_RANLIB=ranlib
ac_cv_prog_ac_ct_STRIP=strip
ac_cv_prog_cc_c89=
ac_cv_prog_cc_g=yes
ac_cv_prog_make_make_set=yes
ac_cv_safe_to_define___extensions__=yes
ac_cv_search_strerror='none required'
ac_cv_sizeof_long=8
ac_cv_target=x86_64-apple-darwin15.2.0
ac_cv_type_int8=no
ac_cv_type_long_long=yes
ac_cv_type_uint64_t=yes
am_cv_CC_dependencies_compiler_type=gcc3
am_cv_make_support_nested_variables=yes
am_cv_prog_cc_c_o=yes
lt_cv_apple_cc_single_mod=yes
lt_cv_ar_at_file=no
lt_cv_deplibs_check_method=pass_all
lt_cv_file_magic_cmd='$MAGIC_CMD'
lt_cv_file_magic_test_file=
lt_cv_ld_exported_symbols_list=yes
lt_cv_ld_force_load=yes
lt_cv_ld_reload_flag=-r
lt_cv_nm_interface='BSD nm'
lt_cv_objdir=.libs
lt_cv_path_LD=/Applications/Xcode.app/Contents/Developer/Toolchains/XcodeDefault.xctoolchain/usr/bin/ld
lt_cv_path_NM=/usr/bin/nm
lt_cv_path_mainfest_tool=no
lt_cv_prog_compiler_c_o=yes
lt_cv_prog_compiler_pic='-fno-common -DPIC'
lt_cv_prog_compiler_pic_works=yes
lt_cv_prog_compiler_rtti_exceptions=yes
lt_cv_prog_compiler_static_works=no
lt_cv_prog_gnu_ld=no
lt_cv_sharedlib_from_linklib_cmd='printf %s\n'
lt_cv_sys_global_symbol_pipe='sed -n -e '\''s/^.*[	 ]\([BCDEGRST][BCDEGRST]*\)[	 ][	 ]*_\([_A-Za-z][_A-Za-z0-9]*\)$/\1 _\2 \2/p'\'' | sed '\''/ __gnu_lto/d'\'''
lt_cv_sys_global_symbol_to_c_name_address='sed -n -e '\''s/^: \([^ ]*\)[ ]*$/  {\"\1\", (void *) 0},/p'\'' -e '\''s/^[BCDEGRST]* \([^ ]*\) \([^ ]*\)$/  {"\2", (void *) \&\2},/p'\'''
lt_cv_sys_global_symbol_to_c_name_address_lib_prefix='sed -n -e '\''s/^: \([^ ]*\)[ ]*$/  {\"\1\", (void *) 0},/p'\'' -e '\''s/^[BCDEGRST]* \([^ ]*\) \(lib[^ ]*\)$/  {"\2", (void *) \&\2},/p'\'' -e '\''s/^[BCDEGRST]* \([^ ]*\) \([^ ]*\)$/  {"lib\2", (void *) \&\2},/p'\'''
lt_cv_sys_global_symbol_to_cdecl='sed -n -e '\''s/^T .* \(.*\)$/extern int \1();/p'\'' -e '\''s/^[BCDEGRST]* .* \(.*\)$/extern char \1;/p'\'''
lt_cv_sys_max_cmd_len=196608
lt_cv_to_host_file_cmd=func_convert_file_noop
lt_cv_to_tool_file_cmd=func_convert_file_noop

## ----------------- ##
## Output variables. ##
## ----------------- ##

ACLOCAL='aclocal-1.14'
AMDEPBACKSLASH='\'
AMDEP_FALSE='#'
AMDEP_TRUE=''
AMTAR='$${TAR-tar}'
AM_BACKSLASH='\'
AM_DEFAULT_V='$(AM_DEFAULT_VERBOSITY)'
AM_DEFAULT_VERBOSITY='1'
AM_V='$(V)'
AR='ar'
AUTOCONF='autoconf'
AUTOHEADER='autoheader'
AUTOMAKE='automake-1.14'
AWK='/usr/bin/awk'
CC='gcc'
CCACHE=''
CCDEPMODE='depmode=gcc3'
CFLAGS='-g -O2'
CPP='gcc -E'
CPPFLAGS=' -Wall -Wpointer-arith -Wstrict-prototypes'
CYGPATH_W='echo'
DEFS='-DHAVE_CONFIG_H'
DEPDIR='.deps'
DLLTOOL='false'
DSYMUTIL='dsymutil'
DUMPBIN=''
ECHO_C='\c'
ECHO_N=''
ECHO_T=''
EGREP='/usr/bin/grep -E'
EXEEXT=''
FGREP='/usr/bin/grep -F'
GCOV='/usr/bin/gcov'
GCOV_CPPFLAGS=''
GCOV_FLAGS=''
GCOV_LDFLAGS=''
GREP='/usr/bin/grep'
INSTALL_DATA='${INSTALL} -m 644'
INSTALL_PROGRAM='${INSTALL}'
INSTALL_SCRIPT='${INSTALL}'
INSTALL_STRIP_PROGRAM='$(install_sh) -c -s'
LD='/Applications/Xcode.app/Contents/Developer/Toolchains/XcodeDefault.xctoolchain/usr/bin/ld'
LDFLAGS=''
LIBOBJS=''
LIBS=''
LIBTOOL='$(SHELL) $(top_builddir)/libtool'
LIPO='lipo'
LN_S='ln -s'
LTLIBOBJS=''
MAKEINFO='makeinfo'
MANIFEST_TOOL=':'
MD5SUM='/sbin/md5'
MKDIR_P='config/install-sh -c -d'
NM='/usr/bin/nm'
NMEDIT='nmedit'
OBJDUMP='false'
OBJEXT='o'
OTOOL64=':'
OTOOL='otool'
PACKAGE='poker-eval'
PACKAGE_BUGREPORT=''
PACKAGE_NAME='poker-eval'
PACKAGE_STRING='poker-eval 138.0'
PACKAGE_TARNAME='poker-eval'
PACKAGE_URL=''
PACKAGE_VERSION='138.0'
PATH_SEPARATOR=':'
RANLIB='ranlib'
SED='/usr/bin/sed'
SET_MAKE=''
SHELL='/bin/sh'
STRIP='strip'
VALGRIND=''
VERSION='138.0'
ac_ct_AR='ar'
ac_ct_CC='gcc'
ac_ct_DUMPBIN=''
am__EXEEXT_FALSE=''
am__EXEEXT_TRUE='#'
am__fastdepCC_FALSE='#'
am__fastdepCC_TRUE=''
am__include='include'
am__isrc=''
am__leading_dot='.'
am__nodep='_no'
am__quote=''
am__tar='$${TAR-tar} chof - "$$tardir"'
am__untar='$${TAR-tar} xf -'
bindir='${exec_prefix}/bin'
build='x86_64-apple-darwin15.2.0'
build_alias=''
build_cpu='x86_64'
build_os='darwin15.2.0'
build_vendor='apple'
datadir='${datarootdir}'
datarootdir='${prefix}/share'
docdir='${datarootdir}/doc/${PACKAGE_TARNAME}'
dvidir='${docdir}'
exec_prefix='${prefix}'
host='x86_64-apple-darwin15.2.0'
host_alias=''
host_cpu='x86_64'
host_os='darwin15.2.0'
host_vendor='apple'
htmldir='${docdir}'
includedir='${prefix}/include'
infodir='${datarootdir}/info'
install_sh='${SHELL} /Users/tarun/Desktop/android/iphone/Projects/poker-eval/config/install-sh'
libdir='${exec_prefix}/lib'
libexecdir='${exec_prefix}/libexec'
localedir='${datarootdir}/locale'
localstatedir='${prefix}/var'
mandir='${datarootdir}/man'
mkdir_p='$(MKDIR_P)'
oldincludedir='/usr/include'
pdfdir='${docdir}'
prefix='/Users/tarun/Desktop/android/iphone/Projects/poker-eval/bin'
program_transform_name='s,x,x,'
psdir='${docdir}'
sbindir='${exec_prefix}/sbin'
sharedstatedir='${prefix}/com'
sysconfdir='${prefix}/etc'
target='x86_64-apple-darwin15.2.0'
target_alias=''
target_cpu='x86_64'
target_os='darwin15.2.0'
target_vendor='apple'

## ----------- ##
## confdefs.h. ##
## ----------- ##

/* confdefs.h */
#define PACKAGE_NAME "poker-eval"
#define PACKAGE_TARNAME "poker-eval"
#define PACKAGE_VERSION "138.0"
#define PACKAGE_STRING "poker-eval 138.0"
#define PACKAGE_BUGREPORT ""
#define PACKAGE_URL ""
#define PACKAGE "poker-eval"
#define VERSION "138.0"
#define STDC_HEADERS 1
#define HAVE_SYS_TYPES_H 1
#define HAVE_SYS_STAT_H 1
#define HAVE_STDLIB_H 1
#define HAVE_STRING_H 1
#define HAVE_MEMORY_H 1
#define HAVE_STRINGS_H 1
#define HAVE_INTTYPES_H 1
#define HAVE_STDINT_H 1
#define HAVE_UNISTD_H 1
#define __EXTENSIONS__ 1
#define _ALL_SOURCE 1
#define _GNU_SOURCE 1
#define _POSIX_PTHREAD_SEMANTICS 1
#define _TANDEM_SOURCE 1
#define HAVE_DLFCN_H 1
#define LT_OBJDIR ".libs/"
#define STDC_HEADERS 1
#define SIZEOF_LONG 8
#define HAVE_UNISTD_H 1
#define HAVE_SYS_STAT_H 1
#define HAVE_LONG_LONG 1
#define HAVE_UINT64_T 1

configure: exit 0
